{"C:\\Users\\User\\Desktop\\Ankit_Portfolio\\src\\App.jsx": {"path":"C:\\Users\\User\\Desktop\\Ankit_Portfolio\\src\\App.jsx","statementMap":{"0":{"start":{"line":11,"column":2},"end":{"line":23,"column":null}}},"fnMap":{"0":{"name":"App","decl":{"start":{"line":10,"column":9},"end":{"line":10,"column":15}},"loc":{"start":{"line":10,"column":15},"end":{"line":23,"column":null}},"line":10}},"branchMap":{},"s":{"0":1},"f":{"0":1},"b":{},"meta":{"lastBranch":0,"lastFunction":1,"lastStatement":1,"seen":{"f:10:9:10:15":0,"s:11:2:23:Infinity":0},"fnNames":{}}}
,"C:\\Users\\User\\Desktop\\Ankit_Portfolio\\src\\components\\AnimatedBorderButton.jsx": {"path":"C:\\Users\\User\\Desktop\\Ankit_Portfolio\\src\\components\\AnimatedBorderButton.jsx","statementMap":{"0":{"start":{"line":3,"column":13},"end":{"line":36,"column":null}},"1":{"start":{"line":4,"column":2},"end":{"line":36,"column":null}}},"fnMap":{"0":{"name":"(anonymous_0)","decl":{"start":{"line":3,"column":13},"end":{"line":3,"column":37}},"loc":{"start":{"line":3,"column":54},"end":{"line":36,"column":null}},"line":3}},"branchMap":{},"s":{"0":2,"1":17},"f":{"0":17},"b":{},"meta":{"lastBranch":0,"lastFunction":1,"lastStatement":2,"seen":{"s:3:13:36:Infinity":0,"f:3:13:3:37":0,"s:4:2:36:Infinity":1},"fnNames":{}}}
,"C:\\Users\\User\\Desktop\\Ankit_Portfolio\\src\\components\\Button.jsx": {"path":"C:\\Users\\User\\Desktop\\Ankit_Portfolio\\src\\components\\Button.jsx","statementMap":{"0":{"start":{"line":1,"column":13},"end":{"line":21,"column":null}},"1":{"start":{"line":8,"column":4},"end":{"line":8,"column":null}},"2":{"start":{"line":10,"column":22},"end":{"line":14,"column":null}},"3":{"start":{"line":15,"column":18},"end":{"line":15,"column":null}},"4":{"start":{"line":16,"column":2},"end":{"line":21,"column":null}}},"fnMap":{"0":{"name":"(anonymous_0)","decl":{"start":{"line":1,"column":13},"end":{"line":1,"column":23}},"loc":{"start":{"line":6,"column":6},"end":{"line":21,"column":null}},"line":6}},"branchMap":{"0":{"loc":{"start":{"line":2,"column":2},"end":{"line":2,"column":null}},"type":"default-arg","locations":[{"start":{"line":2,"column":14},"end":{"line":2,"column":null}}],"line":2},"1":{"loc":{"start":{"line":3,"column":2},"end":{"line":3,"column":null}},"type":"default-arg","locations":[{"start":{"line":3,"column":9},"end":{"line":3,"column":null}}],"line":3}},"s":{"0":5,"1":209,"2":209,"3":209,"4":209},"f":{"0":209},"b":{"0":[209],"1":[209]},"meta":{"lastBranch":2,"lastFunction":1,"lastStatement":5,"seen":{"s:1:13:21:Infinity":0,"f:1:13:1:23":0,"b:2:14:2:Infinity":0,"b:3:9:3:Infinity":1,"s:8:4:8:Infinity":1,"s:10:22:14:Infinity":2,"s:15:18:15:Infinity":3,"s:16:2:21:Infinity":4},"fnNames":{}}}
,"C:\\Users\\User\\Desktop\\Ankit_Portfolio\\src\\layout\\Footer.jsx": {"path":"C:\\Users\\User\\Desktop\\Ankit_Portfolio\\src\\layout\\Footer.jsx","statementMap":{"0":{"start":{"line":3,"column":20},"end":{"line":5,"column":null}},"1":{"start":{"line":10,"column":20},"end":{"line":15,"column":null}},"2":{"start":{"line":17,"column":13},"end":{"line":63,"column":null}},"3":{"start":{"line":18,"column":22},"end":{"line":18,"column":46}},"4":{"start":{"line":20,"column":2},"end":{"line":63,"column":null}},"5":{"start":{"line":37,"column":14},"end":{"line":43,"column":null}},"6":{"start":{"line":50,"column":14},"end":{"line":58,"column":null}}},"fnMap":{"0":{"name":"(anonymous_0)","decl":{"start":{"line":17,"column":13},"end":{"line":17,"column":28}},"loc":{"start":{"line":17,"column":28},"end":{"line":63,"column":null}},"line":17},"1":{"name":"(anonymous_1)","decl":{"start":{"line":36,"column":25},"end":{"line":36,"column":30}},"loc":{"start":{"line":37,"column":14},"end":{"line":43,"column":null}},"line":37},"2":{"name":"(anonymous_2)","decl":{"start":{"line":49,"column":25},"end":{"line":49,"column":30}},"loc":{"start":{"line":50,"column":14},"end":{"line":58,"column":null}},"line":50}},"branchMap":{},"s":{"0":2,"1":2,"2":2,"3":6,"4":6,"5":24,"6":12},"f":{"0":6,"1":24,"2":12},"b":{},"meta":{"lastBranch":0,"lastFunction":3,"lastStatement":7,"seen":{"s:3:20:5:Infinity":0,"s:10:20:15:Infinity":1,"s:17:13:63:Infinity":2,"f:17:13:17:28":0,"s:18:22:18:46":3,"s:20:2:63:Infinity":4,"f:36:25:36:30":1,"s:37:14:43:Infinity":5,"f:49:25:49:30":2,"s:50:14:58:Infinity":6},"fnNames":{}}}
,"C:\\Users\\User\\Desktop\\Ankit_Portfolio\\src\\layout\\Navbar.jsx": {"path":"C:\\Users\\User\\Desktop\\Ankit_Portfolio\\src\\layout\\Navbar.jsx","statementMap":{"0":{"start":{"line":5,"column":17},"end":{"line":10,"column":null}},"1":{"start":{"line":12,"column":13},"end":{"line":90,"column":null}},"2":{"start":{"line":13,"column":27},"end":{"line":13,"column":65}},"3":{"start":{"line":14,"column":21},"end":{"line":14,"column":53}},"4":{"start":{"line":16,"column":2},"end":{"line":24,"column":null}},"5":{"start":{"line":17,"column":10},"end":{"line":18,"column":null}},"6":{"start":{"line":18,"column":6},"end":{"line":18,"column":null}},"7":{"start":{"line":21,"column":4},"end":{"line":21,"column":null}},"8":{"start":{"line":23,"column":4},"end":{"line":23,"column":null}},"9":{"start":{"line":23,"column":17},"end":{"line":23,"column":67}},"10":{"start":{"line":26,"column":2},"end":{"line":90,"column":null}},"11":{"start":{"line":44,"column":14},"end":{"line":50,"column":null}},"12":{"start":{"line":63,"column":25},"end":{"line":63,"column":61}},"13":{"start":{"line":63,"column":55},"end":{"line":63,"column":61}},"14":{"start":{"line":74,"column":14},"end":{"line":81,"column":null}},"15":{"start":{"line":77,"column":31},"end":{"line":77,"column":57}},"16":{"start":{"line":84,"column":35},"end":{"line":84,"column":61}}},"fnMap":{"0":{"name":"(anonymous_0)","decl":{"start":{"line":12,"column":13},"end":{"line":12,"column":28}},"loc":{"start":{"line":12,"column":28},"end":{"line":90,"column":null}},"line":12},"1":{"name":"(anonymous_1)","decl":{"start":{"line":16,"column":2},"end":{"line":16,"column":18}},"loc":{"start":{"line":16,"column":18},"end":{"line":24,"column":7}},"line":16},"2":{"name":"(anonymous_2)","decl":{"start":{"line":17,"column":10},"end":{"line":17,"column":31}},"loc":{"start":{"line":17,"column":31},"end":{"line":18,"column":null}},"line":17},"3":{"name":"(anonymous_3)","decl":{"start":{"line":23,"column":4},"end":{"line":23,"column":17}},"loc":{"start":{"line":23,"column":17},"end":{"line":23,"column":67}},"line":23},"4":{"name":"(anonymous_4)","decl":{"start":{"line":43,"column":22},"end":{"line":43,"column":27}},"loc":{"start":{"line":44,"column":14},"end":{"line":50,"column":null}},"line":44},"5":{"name":"(anonymous_5)","decl":{"start":{"line":63,"column":10},"end":{"line":63,"column":25}},"loc":{"start":{"line":63,"column":25},"end":{"line":63,"column":61}},"line":63},"6":{"name":"(anonymous_6)","decl":{"start":{"line":63,"column":25},"end":{"line":63,"column":46}},"loc":{"start":{"line":63,"column":55},"end":{"line":63,"column":61}},"line":63},"7":{"name":"(anonymous_7)","decl":{"start":{"line":73,"column":22},"end":{"line":73,"column":27}},"loc":{"start":{"line":74,"column":14},"end":{"line":81,"column":null}},"line":74},"8":{"name":"(anonymous_8)","decl":{"start":{"line":77,"column":16},"end":{"line":77,"column":31}},"loc":{"start":{"line":77,"column":31},"end":{"line":77,"column":57}},"line":77},"9":{"name":"(anonymous_9)","decl":{"start":{"line":84,"column":20},"end":{"line":84,"column":35}},"loc":{"start":{"line":84,"column":35},"end":{"line":84,"column":61}},"line":84}},"branchMap":{"0":{"loc":{"start":{"line":29,"column":8},"end":{"line":29,"column":null}},"type":"cond-expr","locations":[{"start":{"line":29,"column":21},"end":{"line":29,"column":43}},{"start":{"line":29,"column":43},"end":{"line":29,"column":null}}],"line":29},"1":{"loc":{"start":{"line":65,"column":11},"end":{"line":65,"column":null}},"type":"cond-expr","locations":[{"start":{"line":65,"column":30},"end":{"line":65,"column":48}},{"start":{"line":65,"column":48},"end":{"line":65,"column":null}}],"line":65},"2":{"loc":{"start":{"line":70,"column":7},"end":{"line":88,"column":null}},"type":"binary-expr","locations":[{"start":{"line":70,"column":7},"end":{"line":70,"column":null}},{"start":{"line":71,"column":8},"end":{"line":88,"column":null}}],"line":70}},"s":{"0":2,"1":2,"2":15,"3":15,"4":15,"5":9,"6":2,"7":9,"8":9,"9":9,"10":15,"11":45,"12":3,"13":3,"14":6,"15":1,"16":0},"f":{"0":15,"1":9,"2":2,"3":9,"4":45,"5":3,"6":3,"7":6,"8":1,"9":0},"b":{"0":[1,14],"1":[2,13],"2":[15,2]},"meta":{"lastBranch":3,"lastFunction":10,"lastStatement":17,"seen":{"s:5:17:10:Infinity":0,"s:12:13:90:Infinity":1,"f:12:13:12:28":0,"s:13:27:13:65":2,"s:14:21:14:53":3,"s:16:2:24:Infinity":4,"f:16:2:16:18":1,"s:17:10:18:Infinity":5,"f:17:10:17:31":2,"s:18:6:18:Infinity":6,"s:21:4:21:Infinity":7,"s:23:4:23:Infinity":8,"f:23:4:23:17":3,"s:23:17:23:67":9,"s:26:2:90:Infinity":10,"b:29:21:29:43:29:43:29:Infinity":0,"f:43:22:43:27":4,"s:44:14:50:Infinity":11,"f:63:10:63:25":5,"s:63:25:63:61":12,"f:63:25:63:46":6,"s:63:55:63:61":13,"b:65:30:65:48:65:48:65:Infinity":1,"b:70:7:70:Infinity:71:8:88:Infinity":2,"f:73:22:73:27":7,"s:74:14:81:Infinity":14,"f:77:16:77:31":8,"s:77:31:77:57":15,"f:84:20:84:35":9,"s:84:35:84:61":16},"fnNames":{}}}
,"C:\\Users\\User\\Desktop\\Ankit_Portfolio\\src\\sections\\About.jsx": {"path":"C:\\Users\\User\\Desktop\\Ankit_Portfolio\\src\\sections\\About.jsx","statementMap":{"0":{"start":{"line":3,"column":19},"end":{"line":27,"column":null}},"1":{"start":{"line":29,"column":13},"end":{"line":96,"column":null}},"2":{"start":{"line":30,"column":2},"end":{"line":96,"column":null}},"3":{"start":{"line":79,"column":14},"end":{"line":91,"column":null}}},"fnMap":{"0":{"name":"(anonymous_0)","decl":{"start":{"line":29,"column":13},"end":{"line":29,"column":27}},"loc":{"start":{"line":29,"column":27},"end":{"line":96,"column":null}},"line":29},"1":{"name":"(anonymous_1)","decl":{"start":{"line":78,"column":24},"end":{"line":78,"column":29}},"loc":{"start":{"line":79,"column":14},"end":{"line":91,"column":null}},"line":79}},"branchMap":{},"s":{"0":2,"1":2,"2":5,"3":20},"f":{"0":5,"1":20},"b":{},"meta":{"lastBranch":0,"lastFunction":2,"lastStatement":4,"seen":{"s:3:19:27:Infinity":0,"s:29:13:96:Infinity":1,"f:29:13:29:27":0,"s:30:2:96:Infinity":2,"f:78:24:78:29":1,"s:79:14:91:Infinity":3},"fnNames":{}}}
,"C:\\Users\\User\\Desktop\\Ankit_Portfolio\\src\\sections\\Contact.jsx": {"path":"C:\\Users\\User\\Desktop\\Ankit_Portfolio\\src\\sections\\Contact.jsx","statementMap":{"0":{"start":{"line":13,"column":20},"end":{"line":32,"column":null}},"1":{"start":{"line":34,"column":13},"end":{"line":253,"column":null}},"2":{"start":{"line":35,"column":19},"end":{"line":39,"column":4}},"3":{"start":{"line":40,"column":20},"end":{"line":40,"column":51}},"4":{"start":{"line":41,"column":23},"end":{"line":44,"column":4}},"5":{"start":{"line":46,"column":23},"end":{"line":86,"column":null}},"6":{"start":{"line":47,"column":4},"end":{"line":47,"column":null}},"7":{"start":{"line":49,"column":4},"end":{"line":49,"column":null}},"8":{"start":{"line":50,"column":4},"end":{"line":50,"column":null}},"9":{"start":{"line":51,"column":4},"end":{"line":86,"column":null}},"10":{"start":{"line":52,"column":24},"end":{"line":52,"column":null}},"11":{"start":{"line":53,"column":25},"end":{"line":53,"column":null}},"12":{"start":{"line":54,"column":24},"end":{"line":54,"column":null}},"13":{"start":{"line":56,"column":6},"end":{"line":59,"column":null}},"14":{"start":{"line":57,"column":8},"end":{"line":59,"column":null}},"15":{"start":{"line":62,"column":6},"end":{"line":71,"column":null}},"16":{"start":{"line":73,"column":6},"end":{"line":76,"column":null}},"17":{"start":{"line":77,"column":6},"end":{"line":77,"column":null}},"18":{"start":{"line":79,"column":6},"end":{"line":79,"column":null}},"19":{"start":{"line":80,"column":6},"end":{"line":84,"column":null}},"20":{"start":{"line":86,"column":6},"end":{"line":86,"column":null}},"21":{"start":{"line":89,"column":2},"end":{"line":253,"column":null}},"22":{"start":{"line":131,"column":20},"end":{"line":131,"column":null}},"23":{"start":{"line":150,"column":20},"end":{"line":150,"column":null}},"24":{"start":{"line":168,"column":20},"end":{"line":168,"column":null}},"25":{"start":{"line":219,"column":18},"end":{"line":233,"column":null}}},"fnMap":{"0":{"name":"(anonymous_0)","decl":{"start":{"line":34,"column":13},"end":{"line":34,"column":29}},"loc":{"start":{"line":34,"column":29},"end":{"line":253,"column":null}},"line":34},"1":{"name":"(anonymous_1)","decl":{"start":{"line":46,"column":23},"end":{"line":46,"column":30}},"loc":{"start":{"line":46,"column":36},"end":{"line":86,"column":null}},"line":46},"2":{"name":"(anonymous_2)","decl":{"start":{"line":130,"column":18},"end":{"line":130,"column":29}},"loc":{"start":{"line":131,"column":20},"end":{"line":131,"column":null}},"line":131},"3":{"name":"(anonymous_3)","decl":{"start":{"line":149,"column":18},"end":{"line":149,"column":29}},"loc":{"start":{"line":150,"column":20},"end":{"line":150,"column":null}},"line":150},"4":{"name":"(anonymous_4)","decl":{"start":{"line":167,"column":18},"end":{"line":167,"column":29}},"loc":{"start":{"line":168,"column":20},"end":{"line":168,"column":null}},"line":168},"5":{"name":"(anonymous_5)","decl":{"start":{"line":218,"column":29},"end":{"line":218,"column":34}},"loc":{"start":{"line":219,"column":18},"end":{"line":233,"column":null}},"line":219}},"branchMap":{"0":{"loc":{"start":{"line":56,"column":6},"end":{"line":59,"column":null}},"type":"if","locations":[{"start":{"line":56,"column":6},"end":{"line":59,"column":null}},{"start":{},"end":{}}],"line":56},"1":{"loc":{"start":{"line":56,"column":10},"end":{"line":56,"column":51}},"type":"binary-expr","locations":[{"start":{"line":56,"column":10},"end":{"line":56,"column":24}},{"start":{"line":56,"column":24},"end":{"line":56,"column":39}},{"start":{"line":56,"column":39},"end":{"line":56,"column":51}}],"line":56},"2":{"loc":{"start":{"line":83,"column":10},"end":{"line":83,"column":null}},"type":"binary-expr","locations":[{"start":{"line":83,"column":10},"end":{"line":83,"column":24}},{"start":{"line":83,"column":24},"end":{"line":83,"column":null}}],"line":83},"3":{"loc":{"start":{"line":181,"column":17},"end":{"line":186,"column":null}},"type":"cond-expr","locations":[{"start":{"line":182,"column":18},"end":{"line":182,"column":32}},{"start":{"line":184,"column":18},"end":{"line":186,"column":null}}],"line":181},"4":{"loc":{"start":{"line":191,"column":15},"end":{"line":205,"column":null}},"type":"binary-expr","locations":[{"start":{"line":191,"column":15},"end":{"line":191,"column":null}},{"start":{"line":192,"column":16},"end":{"line":205,"column":null}}],"line":191},"5":{"loc":{"start":{"line":195,"column":23},"end":{"line":197,"column":null}},"type":"cond-expr","locations":[{"start":{"line":196,"column":27},"end":{"line":196,"column":null}},{"start":{"line":197,"column":27},"end":{"line":197,"column":null}}],"line":195},"6":{"loc":{"start":{"line":200,"column":19},"end":{"line":203,"column":null}},"type":"cond-expr","locations":[{"start":{"line":201,"column":20},"end":{"line":201,"column":null}},{"start":{"line":203,"column":20},"end":{"line":203,"column":null}}],"line":200}},"s":{"0":2,"1":2,"2":176,"3":176,"4":176,"5":176,"6":3,"7":3,"8":3,"9":3,"10":3,"11":3,"12":3,"13":3,"14":1,"15":2,"16":1,"17":1,"18":2,"19":2,"20":3,"21":176,"22":32,"23":64,"24":68,"25":528},"f":{"0":176,"1":3,"2":32,"3":64,"4":68,"5":528},"b":{"0":[1,2],"1":[3,2,2],"2":[2,1],"3":[2,174],"4":[176,3],"5":[1,2],"6":[1,2]},"meta":{"lastBranch":7,"lastFunction":6,"lastStatement":26,"seen":{"s:13:20:32:Infinity":0,"s:34:13:253:Infinity":1,"f:34:13:34:29":0,"s:35:19:39:4":2,"s:40:20:40:51":3,"s:41:23:44:4":4,"s:46:23:86:Infinity":5,"f:46:23:46:30":1,"s:47:4:47:Infinity":6,"s:49:4:49:Infinity":7,"s:50:4:50:Infinity":8,"s:51:4:86:Infinity":9,"s:52:24:52:Infinity":10,"s:53:25:53:Infinity":11,"s:54:24:54:Infinity":12,"b:56:6:59:Infinity:undefined:undefined:undefined:undefined":0,"s:56:6:59:Infinity":13,"b:56:10:56:24:56:24:56:39:56:39:56:51":1,"s:57:8:59:Infinity":14,"s:62:6:71:Infinity":15,"s:73:6:76:Infinity":16,"s:77:6:77:Infinity":17,"s:79:6:79:Infinity":18,"s:80:6:84:Infinity":19,"b:83:10:83:24:83:24:83:Infinity":2,"s:86:6:86:Infinity":20,"s:89:2:253:Infinity":21,"f:130:18:130:29":2,"s:131:20:131:Infinity":22,"f:149:18:149:29":3,"s:150:20:150:Infinity":23,"f:167:18:167:29":4,"s:168:20:168:Infinity":24,"b:182:18:182:32:184:18:186:Infinity":3,"b:191:15:191:Infinity:192:16:205:Infinity":4,"b:196:27:196:Infinity:197:27:197:Infinity":5,"b:201:20:201:Infinity:203:20:203:Infinity":6,"f:218:29:218:34":5,"s:219:18:233:Infinity":25},"fnNames":{}}}
,"C:\\Users\\User\\Desktop\\Ankit_Portfolio\\src\\sections\\Experience.jsx": {"path":"C:\\Users\\User\\Desktop\\Ankit_Portfolio\\src\\sections\\Experience.jsx","statementMap":{"0":{"start":{"line":1,"column":20},"end":{"line":39,"column":null}},"1":{"start":{"line":60,"column":13},"end":{"line":157,"column":null}},"2":{"start":{"line":61,"column":2},"end":{"line":157,"column":null}},"3":{"start":{"line":105,"column":14},"end":{"line":152,"column":null}},"4":{"start":{"line":142,"column":24},"end":{"line":147,"column":null}}},"fnMap":{"0":{"name":"(anonymous_0)","decl":{"start":{"line":60,"column":13},"end":{"line":60,"column":32}},"loc":{"start":{"line":60,"column":32},"end":{"line":157,"column":null}},"line":60},"1":{"name":"(anonymous_1)","decl":{"start":{"line":104,"column":25},"end":{"line":104,"column":30}},"loc":{"start":{"line":105,"column":14},"end":{"line":152,"column":null}},"line":105},"2":{"name":"(anonymous_2)","decl":{"start":{"line":141,"column":40},"end":{"line":141,"column":45}},"loc":{"start":{"line":142,"column":24},"end":{"line":147,"column":null}},"line":142}},"branchMap":{"0":{"loc":{"start":{"line":112,"column":19},"end":{"line":113,"column":null}},"type":"binary-expr","locations":[{"start":{"line":112,"column":19},"end":{"line":112,"column":null}},{"start":{"line":113,"column":20},"end":{"line":113,"column":null}}],"line":112},"1":{"loc":{"start":{"line":120,"column":20},"end":{"line":122,"column":null}},"type":"cond-expr","locations":[{"start":{"line":121,"column":24},"end":{"line":121,"column":null}},{"start":{"line":122,"column":24},"end":{"line":122,"column":null}}],"line":120},"2":{"loc":{"start":{"line":138,"column":24},"end":{"line":138,"column":null}},"type":"cond-expr","locations":[{"start":{"line":138,"column":40},"end":{"line":138,"column":59}},{"start":{"line":138,"column":59},"end":{"line":138,"column":null}}],"line":138}},"s":{"0":2,"1":2,"2":5,"3":10,"4":80},"f":{"0":5,"1":10,"2":80},"b":{"0":[10,5],"1":[5,5],"2":[5,5]},"meta":{"lastBranch":3,"lastFunction":3,"lastStatement":5,"seen":{"s:1:20:39:Infinity":0,"s:60:13:157:Infinity":1,"f:60:13:60:32":0,"s:61:2:157:Infinity":2,"f:104:25:104:30":1,"s:105:14:152:Infinity":3,"b:112:19:112:Infinity:113:20:113:Infinity":0,"b:121:24:121:Infinity:122:24:122:Infinity":1,"b:138:40:138:59:138:59:138:Infinity":2,"f:141:40:141:45":2,"s:142:24:147:Infinity":4},"fnNames":{}}}
,"C:\\Users\\User\\Desktop\\Ankit_Portfolio\\src\\sections\\Hero.jsx": {"path":"C:\\Users\\User\\Desktop\\Ankit_Portfolio\\src\\sections\\Hero.jsx","statementMap":{"0":{"start":{"line":12,"column":15},"end":{"line":47,"column":null}},"1":{"start":{"line":49,"column":13},"end":{"line":234,"column":null}},"2":{"start":{"line":50,"column":2},"end":{"line":234,"column":null}},"3":{"start":{"line":65,"column":10},"end":{"line":76,"column":null}},"4":{"start":{"line":131,"column":31},"end":{"line":131,"column":67}},"5":{"start":{"line":146,"column":16},"end":{"line":153,"column":null}},"6":{"start":{"line":211,"column":16},"end":{"line":215,"column":null}}},"fnMap":{"0":{"name":"(anonymous_0)","decl":{"start":{"line":49,"column":13},"end":{"line":49,"column":26}},"loc":{"start":{"line":49,"column":26},"end":{"line":234,"column":null}},"line":49},"1":{"name":"(anonymous_1)","decl":{"start":{"line":64,"column":24},"end":{"line":64,"column":29}},"loc":{"start":{"line":65,"column":10},"end":{"line":76,"column":null}},"line":65},"2":{"name":"(anonymous_2)","decl":{"start":{"line":131,"column":16},"end":{"line":131,"column":31}},"loc":{"start":{"line":131,"column":31},"end":{"line":131,"column":67}},"line":131},"3":{"name":"(anonymous_3)","decl":{"start":{"line":145,"column":16},"end":{"line":145,"column":21}},"loc":{"start":{"line":146,"column":16},"end":{"line":153,"column":null}},"line":146},"4":{"name":"(anonymous_4)","decl":{"start":{"line":210,"column":38},"end":{"line":210,"column":43}},"loc":{"start":{"line":211,"column":16},"end":{"line":215,"column":null}},"line":211}},"branchMap":{},"s":{"0":2,"1":2,"2":8,"3":240,"4":0,"5":16,"6":544},"f":{"0":8,"1":240,"2":0,"3":16,"4":544},"b":{},"meta":{"lastBranch":0,"lastFunction":5,"lastStatement":7,"seen":{"s:12:15:47:Infinity":0,"s:49:13:234:Infinity":1,"f:49:13:49:26":0,"s:50:2:234:Infinity":2,"f:64:24:64:29":1,"s:65:10:76:Infinity":3,"f:131:16:131:31":2,"s:131:31:131:67":4,"f:145:16:145:21":3,"s:146:16:153:Infinity":5,"f:210:38:210:43":4,"s:211:16:215:Infinity":6},"fnNames":{}}}
,"C:\\Users\\User\\Desktop\\Ankit_Portfolio\\src\\sections\\Projects.jsx": {"path":"C:\\Users\\User\\Desktop\\Ankit_Portfolio\\src\\sections\\Projects.jsx","statementMap":{"0":{"start":{"line":3,"column":17},"end":{"line":40,"column":null}},"1":{"start":{"line":42,"column":13},"end":{"line":145,"column":null}},"2":{"start":{"line":43,"column":2},"end":{"line":145,"column":null}},"3":{"start":{"line":70,"column":12},"end":{"line":133,"column":null}},"4":{"start":{"line":124,"column":20},"end":{"line":129,"column":null}}},"fnMap":{"0":{"name":"(anonymous_0)","decl":{"start":{"line":42,"column":13},"end":{"line":42,"column":30}},"loc":{"start":{"line":42,"column":30},"end":{"line":145,"column":null}},"line":42},"1":{"name":"(anonymous_1)","decl":{"start":{"line":69,"column":20},"end":{"line":69,"column":25}},"loc":{"start":{"line":70,"column":12},"end":{"line":133,"column":null}},"line":70},"2":{"name":"(anonymous_2)","decl":{"start":{"line":123,"column":32},"end":{"line":123,"column":37}},"loc":{"start":{"line":124,"column":20},"end":{"line":129,"column":null}},"line":124}},"branchMap":{},"s":{"0":1,"1":1,"2":6,"3":24,"4":96},"f":{"0":6,"1":24,"2":96},"b":{},"meta":{"lastBranch":0,"lastFunction":3,"lastStatement":5,"seen":{"s:3:17:40:Infinity":0,"s:42:13:145:Infinity":1,"f:42:13:42:30":0,"s:43:2:145:Infinity":2,"f:69:20:69:25":1,"s:70:12:133:Infinity":3,"f:123:32:123:37":2,"s:124:20:129:Infinity":4},"fnNames":{}}}
,"C:\\Users\\User\\Desktop\\Ankit_Portfolio\\src\\sections\\Testimonials.jsx": {"path":"C:\\Users\\User\\Desktop\\Ankit_Portfolio\\src\\sections\\Testimonials.jsx","statementMap":{"0":{"start":{"line":4,"column":21},"end":{"line":37,"column":null}},"1":{"start":{"line":39,"column":13},"end":{"line":151,"column":null}},"2":{"start":{"line":40,"column":20},"end":{"line":40,"column":47}},"3":{"start":{"line":42,"column":8},"end":{"line":43,"column":null}},"4":{"start":{"line":43,"column":4},"end":{"line":43,"column":null}},"5":{"start":{"line":43,"column":18},"end":{"line":43,"column":60}},"6":{"start":{"line":46,"column":8},"end":{"line":49,"column":null}},"7":{"start":{"line":47,"column":4},"end":{"line":49,"column":null}},"8":{"start":{"line":48,"column":7},"end":{"line":48,"column":null}},"9":{"start":{"line":51,"column":2},"end":{"line":151,"column":null}},"10":{"start":{"line":130,"column":18},"end":{"line":137,"column":null}},"11":{"start":{"line":131,"column":35},"end":{"line":131,"column":52}}},"fnMap":{"0":{"name":"(anonymous_0)","decl":{"start":{"line":39,"column":13},"end":{"line":39,"column":34}},"loc":{"start":{"line":39,"column":34},"end":{"line":151,"column":null}},"line":39},"1":{"name":"(anonymous_1)","decl":{"start":{"line":42,"column":8},"end":{"line":42,"column":21}},"loc":{"start":{"line":42,"column":21},"end":{"line":43,"column":null}},"line":42},"2":{"name":"(anonymous_2)","decl":{"start":{"line":43,"column":4},"end":{"line":43,"column":18}},"loc":{"start":{"line":43,"column":18},"end":{"line":43,"column":60}},"line":43},"3":{"name":"(anonymous_3)","decl":{"start":{"line":46,"column":8},"end":{"line":46,"column":25}},"loc":{"start":{"line":46,"column":25},"end":{"line":49,"column":null}},"line":46},"4":{"name":"(anonymous_4)","decl":{"start":{"line":47,"column":4},"end":{"line":47,"column":null}},"loc":{"start":{"line":48,"column":7},"end":{"line":48,"column":null}},"line":48},"5":{"name":"(anonymous_5)","decl":{"start":{"line":129,"column":30},"end":{"line":129,"column":35}},"loc":{"start":{"line":130,"column":18},"end":{"line":137,"column":null}},"line":130},"6":{"name":"(anonymous_6)","decl":{"start":{"line":131,"column":20},"end":{"line":131,"column":35}},"loc":{"start":{"line":131,"column":35},"end":{"line":131,"column":52}},"line":131}},"branchMap":{"0":{"loc":{"start":{"line":133,"column":22},"end":{"line":135,"column":null}},"type":"cond-expr","locations":[{"start":{"line":134,"column":26},"end":{"line":134,"column":null}},{"start":{"line":135,"column":26},"end":{"line":135,"column":null}}],"line":133}},"s":{"0":1,"1":1,"2":7,"3":7,"4":1,"5":1,"6":7,"7":1,"8":1,"9":7,"10":28,"11":1},"f":{"0":7,"1":1,"2":1,"3":1,"4":1,"5":28,"6":1},"b":{"0":[7,21]},"meta":{"lastBranch":1,"lastFunction":7,"lastStatement":12,"seen":{"s:4:21:37:Infinity":0,"s:39:13:151:Infinity":1,"f:39:13:39:34":0,"s:40:20:40:47":2,"s:42:8:43:Infinity":3,"f:42:8:42:21":1,"s:43:4:43:Infinity":4,"f:43:4:43:18":2,"s:43:18:43:60":5,"s:46:8:49:Infinity":6,"f:46:8:46:25":3,"s:47:4:49:Infinity":7,"f:47:4:47:Infinity":4,"s:48:7:48:Infinity":8,"s:51:2:151:Infinity":9,"f:129:30:129:35":5,"s:130:18:137:Infinity":10,"f:131:20:131:35":6,"s:131:35:131:52":11,"b:134:26:134:Infinity:135:26:135:Infinity":0},"fnNames":{}}}
}
